# JRE version: Java(TM) SE Runtime Environment (20.0.2+9) (build 20.0.2+9-78)
# Java VM: Java HotSpot(TM) 64-Bit Server VM (20.0.2+9-78, mixed mode, sharing, tiered, compressed oops, compressed class ptrs, g1 gc, windows-amd64)
GC Precious Log:
 CardTable entry size: 512
 Card Set container configuration: InlinePtr #cards 5 size 8 Array Of Cards #cards 12 size 40 Howl #buckets 4 coarsen threshold 1843 Howl Bitmap #cards 512 size 80 coarsen threshold 460 Card regions per heap region 1 cards per card region 2048
 CPUs: 4 total, 4 available
 Memory: 8098M
 Large Page Support: Disabled
 NUMA Support: Disabled
 Compressed Oops: Enabled (32-bit)
 Heap Region Size: 1M
 Heap Min Capacity: 8M
 Heap Initial Capacity: 128M
 Heap Max Capacity: 2G
 Pre-touch: Disabled
 Parallel Workers: 4
 Concurrent Workers: 1
 Concurrent Refinement Workers: 4
 Periodic GC: Disabled
Heap:
 garbage-first heap   total 375808K, used 291840K [0x0000000080000000, 0x0000000100000000)
  region size 1024K, 88 young (90112K), 15 survivors (15360K)
 Metaspace       used 113118K, committed 115968K, reserved 552960K
  class space    used 15798K, committed 17152K, reserved 421888K
GC Heap History (20 events):
Event: 34.967 GC heap before
{Heap before GC invocations=34 (full 0):
 garbage-first heap   total 189440K, used 169673K [0x0000000080000000, 0x0000000100000000)
  region size 1024K, 67 young (68608K), 8 survivors (8192K)
 Metaspace       used 94131K, committed 96576K, reserved 552960K
  class space    used 13329K, committed 14528K, reserved 421888K
}
Event: 34.975 GC heap after
{Heap after GC invocations=35 (full 0):
 garbage-first heap   total 189440K, used 111141K [0x0000000080000000, 0x0000000100000000)
  region size 1024K, 6 young (6144K), 6 survivors (6144K)
 Metaspace       used 94131K, committed 96576K, reserved 552960K
  class space    used 13329K, committed 14528K, reserved 421888K
}
Event: 35.687 GC heap before
{Heap before GC invocations=36 (full 0):
 garbage-first heap   total 204800K, used 172581K [0x0000000080000000, 0x0000000100000000)
  region size 1024K, 66 young (67584K), 6 survivors (6144K)
 Metaspace       used 96306K, committed 98752K, reserved 552960K
  class space    used 13599K, committed 14784K, reserved 421888K
}
Event: 35.697 GC heap after
{Heap after GC invocations=37 (full 0):
 garbage-first heap   total 204800K, used 118251K [0x0000000080000000, 0x0000000100000000)
  region size 1024K, 9 young (9216K), 9 survivors (9216K)
 Metaspace       used 96306K, committed 98752K, reserved 552960K
  class space    used 13599K, committed 14784K, reserved 421888K
}
Event: 36.323 GC heap before
{Heap before GC invocations=37 (full 0):
 garbage-first heap   total 204800K, used 187883K [0x0000000080000000, 0x0000000100000000)
  region size 1024K, 74 young (75776K), 9 survivors (9216K)
 Metaspace       used 97826K, committed 100288K, reserved 552960K
  class space    used 13828K, committed 15040K, reserved 421888K
}
Event: 36.340 GC heap after
{Heap after GC invocations=38 (full 0):
 garbage-first heap   total 253952K, used 132096K [0x0000000080000000, 0x0000000100000000)
  region size 1024K, 10 young (10240K), 10 survivors (10240K)
 Metaspace       used 97826K, committed 100288K, reserved 552960K
  class space    used 13828K, committed 15040K, reserved 421888K
}
Event: 37.742 GC heap before
{Heap before GC invocations=38 (full 0):
 garbage-first heap   total 253952K, used 224256K [0x0000000080000000, 0x0000000100000000)
  region size 1024K, 99 young (101376K), 10 survivors (10240K)
 Metaspace       used 100545K, committed 103104K, reserved 552960K
  class space    used 14125K, committed 15360K, reserved 421888K
}
Event: 37.758 GC heap after
{Heap after GC invocations=39 (full 0):
 garbage-first heap   total 253952K, used 150478K [0x0000000080000000, 0x0000000100000000)
  region size 1024K, 13 young (13312K), 13 survivors (13312K)
 Metaspace       used 100545K, committed 103104K, reserved 552960K
  class space    used 14125K, committed 15360K, reserved 421888K
}
Event: 38.030 GC heap before
{Heap before GC invocations=39 (full 0):
 garbage-first heap   total 253952K, used 170958K [0x0000000080000000, 0x0000000100000000)
  region size 1024K, 34 young (34816K), 13 survivors (13312K)
 Metaspace       used 100774K, committed 103296K, reserved 552960K
  class space    used 14149K, committed 15360K, reserved 421888K
}
Event: 38.041 GC heap after
{Heap after GC invocations=40 (full 0):
 garbage-first heap   total 253952K, used 156672K [0x0000000080000000, 0x0000000100000000)
  region size 1024K, 6 young (6144K), 6 survivors (6144K)
 Metaspace       used 100774K, committed 103296K, reserved 552960K
  class space    used 14149K, committed 15360K, reserved 421888K
}
Event: 38.760 GC heap before
{Heap before GC invocations=41 (full 0):
 garbage-first heap   total 281600K, used 224256K [0x0000000080000000, 0x0000000100000000)
  region size 1024K, 69 young (70656K), 6 survivors (6144K)
 Metaspace       used 101893K, committed 104512K, reserved 552960K
  class space    used 14317K, committed 15552K, reserved 421888K
}
Event: 38.770 GC heap after
{Heap after GC invocations=42 (full 0):
 garbage-first heap   total 281600K, used 172032K [0x0000000080000000, 0x0000000100000000)
  region size 1024K, 9 young (9216K), 9 survivors (9216K)
 Metaspace       used 101893K, committed 104512K, reserved 552960K
  class space    used 14317K, committed 15552K, reserved 421888K
}
Event: 39.540 GC heap before
{Heap before GC invocations=42 (full 0):
 garbage-first heap   total 281600K, used 240640K [0x0000000080000000, 0x0000000100000000)
  region size 1024K, 76 young (77824K), 9 survivors (9216K)
 Metaspace       used 105749K, committed 108544K, reserved 552960K
  class space    used 14845K, committed 16192K, reserved 421888K
}
Event: 39.548 GC heap after
{Heap after GC invocations=43 (full 0):
 garbage-first heap   total 281600K, used 173256K [0x0000000080000000, 0x0000000100000000)
  region size 1024K, 4 young (4096K), 4 survivors (4096K)
 Metaspace       used 105749K, committed 108544K, reserved 552960K
  class space    used 14845K, committed 16192K, reserved 421888K
}
Event: 40.574 GC heap before
{Heap before GC invocations=43 (full 0):
 garbage-first heap   total 281600K, used 243912K [0x0000000080000000, 0x0000000100000000)
  region size 1024K, 73 young (74752K), 4 survivors (4096K)
 Metaspace       used 107603K, committed 110336K, reserved 552960K
  class space    used 15092K, committed 16448K, reserved 421888K
}
Event: 40.586 GC heap after
{Heap after GC invocations=44 (full 0):
 garbage-first heap   total 281600K, used 182272K [0x0000000080000000, 0x0000000100000000)
  region size 1024K, 10 young (10240K), 10 survivors (10240K)
 Metaspace       used 107603K, committed 110336K, reserved 552960K
  class space    used 15092K, committed 16448K, reserved 421888K
}
Event: 41.331 GC heap before
{Heap before GC invocations=45 (full 0):
 garbage-first heap   total 375808K, used 251904K [0x0000000080000000, 0x0000000100000000)
  region size 1024K, 77 young (78848K), 10 survivors (10240K)
 Metaspace       used 107944K, committed 110656K, reserved 552960K
  class space    used 15127K, committed 16448K, reserved 421888K
}
Event: 41.350 GC heap after
{Heap after GC invocations=46 (full 0):
 garbage-first heap   total 375808K, used 194879K [0x0000000080000000, 0x0000000100000000)
  region size 1024K, 10 young (10240K), 10 survivors (10240K)
 Metaspace       used 107944K, committed 110656K, reserved 552960K
  class space    used 15127K, committed 16448K, reserved 421888K
}
Event: 43.139 GC heap before
{Heap before GC invocations=46 (full 0):
 garbage-first heap   total 375808K, used 308543K [0x0000000080000000, 0x0000000100000000)
  region size 1024K, 119 young (121856K), 10 survivors (10240K)
 Metaspace       used 108732K, committed 111552K, reserved 552960K
  class space    used 15210K, committed 16576K, reserved 421888K
}
Event: 43.174 GC heap after
{Heap after GC invocations=47 (full 0):
 garbage-first heap   total 375808K, used 218112K [0x0000000080000000, 0x0000000100000000)
  region size 1024K, 15 young (15360K), 15 survivors (15360K)
 Metaspace       used 108732K, committed 111552K, reserved 552960K
  class space    used 15210K, committed 16576K, reserved 421888K
}

