# JRE version: Java(TM) SE Runtime Environment (20.0.2+9) (build 20.0.2+9-78)
# Java VM: Java HotSpot(TM) 64-Bit Server VM (20.0.2+9-78, mixed mode, sharing, tiered, compressed oops, compressed class ptrs, g1 gc, windows-amd64)
GC Precious Log:
 CardTable entry size: 512
 Card Set container configuration: InlinePtr #cards 5 size 8 Array Of Cards #cards 12 size 40 Howl #buckets 4 coarsen threshold 1843 Howl Bitmap #cards 512 size 80 coarsen threshold 460 Card regions per heap region 1 cards per card region 2048
 CPUs: 4 total, 4 available
 Memory: 8098M
 Large Page Support: Disabled
 NUMA Support: Disabled
 Compressed Oops: Enabled (32-bit)
 Heap Region Size: 1M
 Heap Min Capacity: 8M
 Heap Initial Capacity: 128M
 Heap Max Capacity: 2G
 Pre-touch: Disabled
 Parallel Workers: 4
 Concurrent Workers: 1
 Concurrent Refinement Workers: 4
 Periodic GC: Disabled
Heap:
 garbage-first heap   total 275456K, used 201964K [0x0000000080000000, 0x0000000100000000)
  region size 1024K, 25 young (25600K), 9 survivors (9216K)
 Metaspace       used 107643K, committed 110336K, reserved 552960K
  class space    used 15098K, committed 16448K, reserved 421888K
GC Heap History (20 events):
Event: 37.763 GC heap before
{Heap before GC invocations=40 (full 0):
 garbage-first heap   total 224256K, used 179804K [0x0000000080000000, 0x0000000100000000)
  region size 1024K, 81 young (82944K), 10 survivors (10240K)
 Metaspace       used 90824K, committed 93248K, reserved 552960K
  class space    used 12775K, committed 14016K, reserved 421888K
}
Event: 37.772 GC heap after
{Heap after GC invocations=41 (full 0):
 garbage-first heap   total 224256K, used 109077K [0x0000000080000000, 0x0000000100000000)
  region size 1024K, 8 young (8192K), 8 survivors (8192K)
 Metaspace       used 90824K, committed 93248K, reserved 552960K
  class space    used 12775K, committed 14016K, reserved 421888K
}
Event: 38.595 GC heap before
{Heap before GC invocations=41 (full 0):
 garbage-first heap   total 224256K, used 184853K [0x0000000080000000, 0x0000000100000000)
  region size 1024K, 82 young (83968K), 8 survivors (8192K)
 Metaspace       used 95372K, committed 97792K, reserved 552960K
  class space    used 13500K, committed 14720K, reserved 421888K
}
Event: 38.606 GC heap after
{Heap after GC invocations=42 (full 0):
 garbage-first heap   total 224256K, used 112358K [0x0000000080000000, 0x0000000100000000)
  region size 1024K, 8 young (8192K), 8 survivors (8192K)
 Metaspace       used 95372K, committed 97792K, reserved 552960K
  class space    used 13500K, committed 14720K, reserved 421888K
}
Event: 39.497 GC heap before
{Heap before GC invocations=42 (full 0):
 garbage-first heap   total 224256K, used 183014K [0x0000000080000000, 0x0000000100000000)
  region size 1024K, 78 young (79872K), 8 survivors (8192K)
 Metaspace       used 96926K, committed 99392K, reserved 552960K
  class space    used 13645K, committed 14848K, reserved 421888K
}
Event: 39.509 GC heap after
{Heap after GC invocations=43 (full 0):
 garbage-first heap   total 224256K, used 120632K [0x0000000080000000, 0x0000000100000000)
  region size 1024K, 11 young (11264K), 11 survivors (11264K)
 Metaspace       used 96926K, committed 99392K, reserved 552960K
  class space    used 13645K, committed 14848K, reserved 421888K
}
Event: 40.494 GC heap before
{Heap before GC invocations=44 (full 0):
 garbage-first heap   total 224256K, used 196408K [0x0000000080000000, 0x0000000100000000)
  region size 1024K, 82 young (83968K), 11 survivors (11264K)
 Metaspace       used 99757K, committed 102272K, reserved 552960K
  class space    used 14026K, committed 15232K, reserved 421888K
}
Event: 40.511 GC heap after
{Heap after GC invocations=45 (full 0):
 garbage-first heap   total 224256K, used 139711K [0x0000000080000000, 0x0000000100000000)
  region size 1024K, 11 young (11264K), 11 survivors (11264K)
 Metaspace       used 99757K, committed 102272K, reserved 552960K
  class space    used 14026K, committed 15232K, reserved 421888K
}
Event: 41.203 GC heap before
{Heap before GC invocations=45 (full 0):
 garbage-first heap   total 224256K, used 198079K [0x0000000080000000, 0x0000000100000000)
  region size 1024K, 68 young (69632K), 11 survivors (11264K)
 Metaspace       used 100710K, committed 103232K, reserved 552960K
  class space    used 14145K, committed 15360K, reserved 421888K
}
Event: 41.217 GC heap after
{Heap after GC invocations=46 (full 0):
 garbage-first heap   total 224256K, used 151040K [0x0000000080000000, 0x0000000100000000)
  region size 1024K, 9 young (9216K), 9 survivors (9216K)
 Metaspace       used 100710K, committed 103232K, reserved 552960K
  class space    used 14145K, committed 15360K, reserved 421888K
}
Event: 41.314 GC heap before
{Heap before GC invocations=46 (full 0):
 garbage-first heap   total 224256K, used 159232K [0x0000000080000000, 0x0000000100000000)
  region size 1024K, 19 young (19456K), 9 survivors (9216K)
 Metaspace       used 100761K, committed 103296K, reserved 552960K
  class space    used 14149K, committed 15360K, reserved 421888K
}
Event: 41.323 GC heap after
{Heap after GC invocations=47 (full 0):
 garbage-first heap   total 224256K, used 153499K [0x0000000080000000, 0x0000000100000000)
  region size 1024K, 4 young (4096K), 4 survivors (4096K)
 Metaspace       used 100761K, committed 103296K, reserved 552960K
  class space    used 14149K, committed 15360K, reserved 421888K
}
Event: 42.455 GC heap before
{Heap before GC invocations=48 (full 0):
 garbage-first heap   total 275456K, used 202651K [0x0000000080000000, 0x0000000100000000)
  region size 1024K, 49 young (50176K), 4 survivors (4096K)
 Metaspace       used 101073K, committed 103616K, reserved 552960K
  class space    used 14189K, committed 15424K, reserved 421888K
}
Event: 42.518 GC heap after
{Heap after GC invocations=49 (full 0):
 garbage-first heap   total 275456K, used 166290K [0x0000000080000000, 0x0000000100000000)
  region size 1024K, 7 young (7168K), 7 survivors (7168K)
 Metaspace       used 101073K, committed 103616K, reserved 552960K
  class space    used 14189K, committed 15424K, reserved 421888K
}
Event: 43.450 GC heap before
{Heap before GC invocations=49 (full 0):
 garbage-first heap   total 275456K, used 228754K [0x0000000080000000, 0x0000000100000000)
  region size 1024K, 68 young (69632K), 7 survivors (7168K)
 Metaspace       used 104566K, committed 107264K, reserved 552960K
  class space    used 14679K, committed 15936K, reserved 421888K
}
Event: 43.463 GC heap after
{Heap after GC invocations=50 (full 0):
 garbage-first heap   total 275456K, used 170786K [0x0000000080000000, 0x0000000100000000)
  region size 1024K, 6 young (6144K), 6 survivors (6144K)
 Metaspace       used 104566K, committed 107264K, reserved 552960K
  class space    used 14679K, committed 15936K, reserved 421888K
}
Event: 44.920 GC heap before
{Heap before GC invocations=50 (full 0):
 garbage-first heap   total 275456K, used 233250K [0x0000000080000000, 0x0000000100000000)
  region size 1024K, 67 young (68608K), 6 survivors (6144K)
 Metaspace       used 107364K, committed 110080K, reserved 552960K
  class space    used 15073K, committed 16384K, reserved 421888K
}
Event: 44.934 GC heap after
{Heap after GC invocations=51 (full 0):
 garbage-first heap   total 275456K, used 175821K [0x0000000080000000, 0x0000000100000000)
  region size 1024K, 5 young (5120K), 5 survivors (5120K)
 Metaspace       used 107364K, committed 110080K, reserved 552960K
  class space    used 15073K, committed 16384K, reserved 421888K
}
Event: 45.314 GC heap before
{Heap before GC invocations=51 (full 0):
 garbage-first heap   total 275456K, used 239309K [0x0000000080000000, 0x0000000100000000)
  region size 1024K, 67 young (68608K), 5 survivors (5120K)
 Metaspace       used 107611K, committed 110336K, reserved 552960K
  class space    used 15095K, committed 16448K, reserved 421888K
}
Event: 45.325 GC heap after
{Heap after GC invocations=52 (full 0):
 garbage-first heap   total 275456K, used 186604K [0x0000000080000000, 0x0000000100000000)
  region size 1024K, 9 young (9216K), 9 survivors (9216K)
 Metaspace       used 107611K, committed 110336K, reserved 552960K
  class space    used 15095K, committed 16448K, reserved 421888K
}

